2019-12-01 07:12:20,157 WARN clearConfigHistory start

2019-12-01 07:21:38,963 INFO [capacityManagement] start correct usage

2019-12-01 07:21:38,972 INFO [capacityManagement] end correct usage, cost: 0s

2019-12-01 07:22:20,181 WARN clearConfigHistory start

2019-12-01 07:24:47,648 INFO Starting Nacos v1.1.4 on LAPTOP-ESGKGTQJ with PID 37036 (C:\Users\chapterless\Desktop\nacos\target\nacos-server.jar started by chapterless in C:\Users\chapterless\Desktop\nacos\bin)

2019-12-01 07:24:47,652 INFO The following profiles are active: standalone

2019-12-01 07:24:50,146 INFO Bean 'org.springframework.security.config.annotation.configuration.ObjectPostProcessorConfiguration' of type [org.springframework.security.config.annotation.configuration.ObjectPostProcessorConfiguration$$EnhancerBySpringCGLIB$$5e2036de] is not eligible for getting processed by all BeanPostProcessors (for example: not eligible for auto-proxying)

2019-12-01 07:24:50,249 INFO Bean 'objectPostProcessor' of type [org.springframework.security.config.annotation.configuration.AutowireBeanFactoryObjectPostProcessor] is not eligible for getting processed by all BeanPostProcessors (for example: not eligible for auto-proxying)

2019-12-01 07:24:50,254 INFO Bean 'org.springframework.security.access.expression.method.DefaultMethodSecurityExpressionHandler@4a003cbe' of type [org.springframework.security.access.expression.method.DefaultMethodSecurityExpressionHandler] is not eligible for getting processed by all BeanPostProcessors (for example: not eligible for auto-proxying)

2019-12-01 07:24:50,255 INFO Bean 'org.springframework.security.config.annotation.method.configuration.GlobalMethodSecurityConfiguration' of type [org.springframework.security.config.annotation.method.configuration.GlobalMethodSecurityConfiguration$$EnhancerBySpringCGLIB$$82f4d990] is not eligible for getting processed by all BeanPostProcessors (for example: not eligible for auto-proxying)

2019-12-01 07:24:50,262 INFO Bean 'methodSecurityMetadataSource' of type [org.springframework.security.access.method.DelegatingMethodSecurityMetadataSource] is not eligible for getting processed by all BeanPostProcessors (for example: not eligible for auto-proxying)

2019-12-01 07:24:51,094 INFO Tomcat initialized with port(s): 8848 (http)

2019-12-01 07:24:51,132 INFO Starting service [Tomcat]

2019-12-01 07:24:51,132 INFO Starting Servlet Engine: Apache Tomcat/9.0.13

2019-12-01 07:24:51,147 INFO The APR based Apache Tomcat Native library which allows optimal performance in production environments was not found on the java.library.path: [C:\Program Files\Java\jdk1.8.0_231\bin;C:\WINDOWS\Sun\Java\bin;C:\WINDOWS\system32;C:\WINDOWS;C:\Program Files\Java\jdk1.8.0_231\bin;C:\Program Files\Java\jdk1.8.0_231\jre\bin;C:\Program Files (x86)\Common Files\Oracle\Java\javapath;C:\Program Files (x86)\Intel\Intel(R) Management Engine Components\iCLS\;C:\Program Files\Intel\Intel(R) Management Engine Components\iCLS\;C:\Windows\system32;C:\Windows;C:\Windows\System32\Wbem;C:\Windows\System32\WindowsPowerShell\v1.0\;C:\Windows\System32\OpenSSH\;C:\Program Files (x86)\Intel\Intel(R) Management Engine Components\DAL;C:\Program Files\Intel\Intel(R) Management Engine Components\DAL;C:\Program Files (x86)\Intel\Intel(R) Management Engine Components\IPT;C:\Program Files\Intel\Intel(R) Management Engine Components\IPT;C:\Program Files (x86)\NVIDIA Corporation\PhysX\Common;C:\Program Files\NVIDIA Corporation\NVIDIA NvDLISR;C:\WINDOWS\system32;C:\WINDOWS;C:\WINDOWS\System32\Wbem;C:\WINDOWS\System32\WindowsPowerShell\v1.0\;C:\WINDOWS\System32\OpenSSH\;C:\Program Files\Intel\WiFi\bin\;C:\Program Files\Common Files\Intel\WirelessCommon\;C:\Program Files\TortoiseGit\bin;C:\Program Files\Git\cmd;C:\Users\chapterless\AppData\Local\Microsoft\WindowsApps;C:\Users\chapterless\AppData\Local\Programs\Microsoft VS Code\bin;C:\Program Files\JetBrains\IntelliJ IDEA Community Edition 2019.2.4\bin;;.]

2019-12-01 07:24:51,252 INFO Initializing Spring embedded WebApplicationContext

2019-12-01 07:24:51,252 INFO Root WebApplicationContext: initialization completed in 3531 ms

2019-12-01 07:24:52,196 INFO Use Mysql as the driver

2019-12-01 07:24:54,310 INFO Initializing ExecutorService 'applicationTaskExecutor'

2019-12-01 07:24:54,519 INFO Adding welcome page: class path resource [static/index.html]

2019-12-01 07:24:54,975 INFO Creating filter chain: Ant [pattern='/'], []

2019-12-01 07:24:54,976 INFO Creating filter chain: Ant [pattern='/**/*.css'], []

2019-12-01 07:24:54,977 INFO Creating filter chain: Ant [pattern='/**/*.js'], []

2019-12-01 07:24:54,978 INFO Creating filter chain: Ant [pattern='/**/*.html'], []

2019-12-01 07:24:54,979 INFO Creating filter chain: Ant [pattern='/**/*.map'], []

2019-12-01 07:24:54,979 INFO Creating filter chain: Ant [pattern='/**/*.svg'], []

2019-12-01 07:24:54,980 INFO Creating filter chain: Ant [pattern='/**/*.png'], []

2019-12-01 07:24:54,981 INFO Creating filter chain: Ant [pattern='/**/*.ico'], []

2019-12-01 07:24:54,981 INFO Creating filter chain: Ant [pattern='/console-fe/public/**'], []

2019-12-01 07:24:54,982 INFO Creating filter chain: Ant [pattern='/v1/auth/login'], []

2019-12-01 07:24:54,982 INFO Creating filter chain: Ant [pattern='/v1/console/health/**'], []

2019-12-01 07:24:54,983 INFO Creating filter chain: Ant [pattern='/v1/cs/**'], []

2019-12-01 07:24:54,984 INFO Creating filter chain: Ant [pattern='/v1/ns/**'], []

2019-12-01 07:24:54,985 INFO Creating filter chain: Ant [pattern='/v1/cmdb/**'], []

2019-12-01 07:24:54,987 INFO Creating filter chain: Ant [pattern='/actuator/**'], []

2019-12-01 07:24:54,988 INFO Creating filter chain: Ant [pattern='/v1/console/server/**'], []

2019-12-01 07:24:55,042 INFO Creating filter chain: any request, [org.springframework.security.web.context.request.async.WebAsyncManagerIntegrationFilter@4da602fc, org.springframework.security.web.context.SecurityContextPersistenceFilter@abf688e, org.springframework.security.web.header.HeaderWriterFilter@6f0b0a5e, org.springframework.security.web.authentication.logout.LogoutFilter@68b6f0d6, com.alibaba.nacos.console.filter.JwtAuthenticationTokenFilter@2a8d39c4, org.springframework.security.web.savedrequest.RequestCacheAwareFilter@1a7288a3, org.springframework.security.web.servletapi.SecurityContextHolderAwareRequestFilter@686449f9, org.springframework.security.web.authentication.AnonymousAuthenticationFilter@25b2cfcb, org.springframework.security.web.session.SessionManagementFilter@320de594, org.springframework.security.web.access.ExceptionTranslationFilter@3fa2213, org.springframework.security.web.access.intercept.FilterSecurityInterceptor@6aecbb8d]

2019-12-01 07:24:55,181 INFO Exposing 2 endpoint(s) beneath base path '/actuator'

2019-12-01 07:24:55,213 INFO Initializing ExecutorService 'taskScheduler'

2019-12-01 07:24:55,329 INFO Tomcat started on port(s): 8848 (http) with context path '/nacos'

2019-12-01 07:24:55,336 INFO Started Nacos in 9.001 seconds (JVM running for 10.156)

2019-12-01 07:24:55,336 INFO Nacos Log files: C:\Users\chapterless\Desktop\nacos/logs/

2019-12-01 07:24:55,337 INFO Nacos Conf files: C:\Users\chapterless\Desktop\nacos/conf/

2019-12-01 07:24:55,337 INFO Nacos Data files: C:\Users\chapterless\Desktop\nacos/data/

2019-12-01 07:24:55,338 INFO Nacos started successfully in stand alone mode.

2019-12-01 07:24:55,673 INFO Initializing Spring DispatcherServlet 'dispatcherServlet'

2019-12-01 07:24:55,673 INFO Initializing Servlet 'dispatcherServlet'

2019-12-01 07:24:55,687 INFO Completed initialization in 13 ms

2019-12-01 07:41:33,285 INFO Starting Nacos v1.1.4 on LAPTOP-ESGKGTQJ with PID 36204 (C:\Users\chapterless\Desktop\nacos\target\nacos-server.jar started by chapterless in C:\Users\chapterless\Desktop\nacos\bin)

2019-12-01 07:41:33,289 INFO The following profiles are active: standalone

2019-12-01 07:41:35,448 INFO Bean 'org.springframework.security.config.annotation.configuration.ObjectPostProcessorConfiguration' of type [org.springframework.security.config.annotation.configuration.ObjectPostProcessorConfiguration$$EnhancerBySpringCGLIB$$8514d306] is not eligible for getting processed by all BeanPostProcessors (for example: not eligible for auto-proxying)

2019-12-01 07:41:35,543 INFO Bean 'objectPostProcessor' of type [org.springframework.security.config.annotation.configuration.AutowireBeanFactoryObjectPostProcessor] is not eligible for getting processed by all BeanPostProcessors (for example: not eligible for auto-proxying)

2019-12-01 07:41:35,545 INFO Bean 'org.springframework.security.access.expression.method.DefaultMethodSecurityExpressionHandler@61c4eee0' of type [org.springframework.security.access.expression.method.DefaultMethodSecurityExpressionHandler] is not eligible for getting processed by all BeanPostProcessors (for example: not eligible for auto-proxying)

2019-12-01 07:41:35,545 INFO Bean 'org.springframework.security.config.annotation.method.configuration.GlobalMethodSecurityConfiguration' of type [org.springframework.security.config.annotation.method.configuration.GlobalMethodSecurityConfiguration$$EnhancerBySpringCGLIB$$a9e975b8] is not eligible for getting processed by all BeanPostProcessors (for example: not eligible for auto-proxying)

2019-12-01 07:41:35,551 INFO Bean 'methodSecurityMetadataSource' of type [org.springframework.security.access.method.DelegatingMethodSecurityMetadataSource] is not eligible for getting processed by all BeanPostProcessors (for example: not eligible for auto-proxying)

2019-12-01 07:41:36,205 INFO Tomcat initialized with port(s): 8848 (http)

2019-12-01 07:41:36,238 INFO Starting service [Tomcat]

2019-12-01 07:41:36,238 INFO Starting Servlet Engine: Apache Tomcat/9.0.13

2019-12-01 07:41:36,248 INFO The APR based Apache Tomcat Native library which allows optimal performance in production environments was not found on the java.library.path: [C:\Program Files\Java\jdk1.8.0_231\bin;C:\WINDOWS\Sun\Java\bin;C:\WINDOWS\system32;C:\WINDOWS;C:\Program Files\Java\jdk1.8.0_231\bin;C:\Program Files\Java\jdk1.8.0_231\jre\bin;C:\Program Files (x86)\Common Files\Oracle\Java\javapath;C:\Program Files (x86)\Intel\Intel(R) Management Engine Components\iCLS\;C:\Program Files\Intel\Intel(R) Management Engine Components\iCLS\;C:\Windows\system32;C:\Windows;C:\Windows\System32\Wbem;C:\Windows\System32\WindowsPowerShell\v1.0\;C:\Windows\System32\OpenSSH\;C:\Program Files (x86)\Intel\Intel(R) Management Engine Components\DAL;C:\Program Files\Intel\Intel(R) Management Engine Components\DAL;C:\Program Files (x86)\Intel\Intel(R) Management Engine Components\IPT;C:\Program Files\Intel\Intel(R) Management Engine Components\IPT;C:\Program Files (x86)\NVIDIA Corporation\PhysX\Common;C:\Program Files\NVIDIA Corporation\NVIDIA NvDLISR;C:\WINDOWS\system32;C:\WINDOWS;C:\WINDOWS\System32\Wbem;C:\WINDOWS\System32\WindowsPowerShell\v1.0\;C:\WINDOWS\System32\OpenSSH\;C:\Program Files\Intel\WiFi\bin\;C:\Program Files\Common Files\Intel\WirelessCommon\;C:\Program Files\TortoiseGit\bin;C:\Program Files\Git\cmd;C:\Users\chapterless\AppData\Local\Microsoft\WindowsApps;C:\Users\chapterless\AppData\Local\Programs\Microsoft VS Code\bin;C:\Program Files\JetBrains\IntelliJ IDEA Community Edition 2019.2.4\bin;;.]

2019-12-01 07:41:36,351 INFO Initializing Spring embedded WebApplicationContext

2019-12-01 07:41:36,351 INFO Root WebApplicationContext: initialization completed in 3001 ms

2019-12-01 07:41:37,166 INFO Use Mysql as the driver

2019-12-01 07:41:39,017 INFO Initializing ExecutorService 'applicationTaskExecutor'

2019-12-01 07:41:39,214 INFO Adding welcome page: class path resource [static/index.html]

2019-12-01 07:41:39,606 INFO Creating filter chain: Ant [pattern='/'], []

2019-12-01 07:41:39,610 INFO Creating filter chain: Ant [pattern='/**/*.css'], []

2019-12-01 07:41:39,611 INFO Creating filter chain: Ant [pattern='/**/*.js'], []

2019-12-01 07:41:39,611 INFO Creating filter chain: Ant [pattern='/**/*.html'], []

2019-12-01 07:41:39,612 INFO Creating filter chain: Ant [pattern='/**/*.map'], []

2019-12-01 07:41:39,613 INFO Creating filter chain: Ant [pattern='/**/*.svg'], []

2019-12-01 07:41:39,613 INFO Creating filter chain: Ant [pattern='/**/*.png'], []

2019-12-01 07:41:39,614 INFO Creating filter chain: Ant [pattern='/**/*.ico'], []

2019-12-01 07:41:39,615 INFO Creating filter chain: Ant [pattern='/console-fe/public/**'], []

2019-12-01 07:41:39,615 INFO Creating filter chain: Ant [pattern='/v1/auth/login'], []

2019-12-01 07:41:39,615 INFO Creating filter chain: Ant [pattern='/v1/console/health/**'], []

2019-12-01 07:41:39,616 INFO Creating filter chain: Ant [pattern='/v1/cs/**'], []

2019-12-01 07:41:39,616 INFO Creating filter chain: Ant [pattern='/v1/ns/**'], []

2019-12-01 07:41:39,617 INFO Creating filter chain: Ant [pattern='/v1/cmdb/**'], []

2019-12-01 07:41:39,617 INFO Creating filter chain: Ant [pattern='/actuator/**'], []

2019-12-01 07:41:39,617 INFO Creating filter chain: Ant [pattern='/v1/console/server/**'], []

2019-12-01 07:41:39,646 INFO Creating filter chain: any request, [org.springframework.security.web.context.request.async.WebAsyncManagerIntegrationFilter@72758afa, org.springframework.security.web.context.SecurityContextPersistenceFilter@2974f221, org.springframework.security.web.header.HeaderWriterFilter@3dd1dc90, org.springframework.security.web.authentication.logout.LogoutFilter@36f48b4, com.alibaba.nacos.console.filter.JwtAuthenticationTokenFilter@fb9c7aa, org.springframework.security.web.savedrequest.RequestCacheAwareFilter@686449f9, org.springframework.security.web.servletapi.SecurityContextHolderAwareRequestFilter@4044fb95, org.springframework.security.web.authentication.AnonymousAuthenticationFilter@4c398c80, org.springframework.security.web.session.SessionManagementFilter@478ee483, org.springframework.security.web.access.ExceptionTranslationFilter@6035b93b, org.springframework.security.web.access.intercept.FilterSecurityInterceptor@2a8d39c4]

2019-12-01 07:41:39,744 INFO Exposing 2 endpoint(s) beneath base path '/actuator'

2019-12-01 07:41:39,777 INFO Initializing ExecutorService 'taskScheduler'

2019-12-01 07:41:39,899 INFO Tomcat started on port(s): 8848 (http) with context path '/nacos'

2019-12-01 07:41:39,916 INFO Started Nacos in 7.792 seconds (JVM running for 8.438)

2019-12-01 07:41:39,916 INFO Nacos Log files: C:\Users\chapterless\Desktop\nacos/logs/

2019-12-01 07:41:39,916 INFO Nacos Conf files: C:\Users\chapterless\Desktop\nacos/conf/

2019-12-01 07:41:39,917 INFO Nacos Data files: C:\Users\chapterless\Desktop\nacos/data/

2019-12-01 07:41:39,917 INFO Nacos started successfully in stand alone mode.

2019-12-01 07:41:43,491 INFO Initializing Spring DispatcherServlet 'dispatcherServlet'

2019-12-01 07:41:43,492 INFO Initializing Servlet 'dispatcherServlet'

2019-12-01 07:41:43,500 INFO Completed initialization in 8 ms

2019-12-01 07:42:26,492 INFO Expired JWT token.

2019-12-01 07:42:26,519 ERROR Responding with unauthorized error. Message - Full authentication is required to access this resource

2019-12-01 07:51:38,338 INFO [capacityManagement] start correct usage

2019-12-01 07:51:38,369 INFO [capacityManagement] end correct usage, cost: 0s

2019-12-01 07:51:38,502 WARN clearConfigHistory start

2019-12-01 08:01:38,373 INFO [capacityManagement] start correct usage

2019-12-01 08:01:38,375 INFO [capacityManagement] end correct usage, cost: 0s

2019-12-01 08:01:38,509 WARN clearConfigHistory start

2019-12-01 08:11:38,377 INFO [capacityManagement] start correct usage

2019-12-01 08:11:38,385 INFO [capacityManagement] end correct usage, cost: 0s

2019-12-01 08:11:38,518 WARN clearConfigHistory start

2019-12-01 08:21:38,389 INFO [capacityManagement] start correct usage

2019-12-01 08:21:38,398 INFO [capacityManagement] end correct usage, cost: 0s

2019-12-01 08:21:38,521 WARN clearConfigHistory start

2019-12-01 08:31:38,400 INFO [capacityManagement] start correct usage

2019-12-01 08:31:38,407 INFO [capacityManagement] end correct usage, cost: 0s

2019-12-01 08:31:38,529 WARN clearConfigHistory start

2019-12-01 08:41:38,409 INFO [capacityManagement] start correct usage

2019-12-01 08:41:38,417 INFO [capacityManagement] end correct usage, cost: 0s

2019-12-01 08:41:38,532 WARN clearConfigHistory start

2019-12-01 08:51:38,419 INFO [capacityManagement] start correct usage

2019-12-01 08:51:38,429 INFO [capacityManagement] end correct usage, cost: 0s

2019-12-01 08:51:38,543 WARN clearConfigHistory start

2019-12-01 08:51:39,089 INFO Expired JWT token.

2019-12-01 08:51:39,092 ERROR Responding with unauthorized error. Message - Full authentication is required to access this resource

2019-12-01 09:01:38,432 INFO [capacityManagement] start correct usage

2019-12-01 09:01:38,451 INFO [capacityManagement] end correct usage, cost: 0s

2019-12-01 09:01:38,549 WARN clearConfigHistory start

2019-12-01 09:11:38,453 INFO [capacityManagement] start correct usage

2019-12-01 09:11:38,461 INFO [capacityManagement] end correct usage, cost: 0s

2019-12-01 09:11:38,565 WARN clearConfigHistory start

2019-12-01 09:21:38,464 INFO [capacityManagement] start correct usage

2019-12-01 09:21:38,469 INFO [capacityManagement] end correct usage, cost: 0s

2019-12-01 09:21:38,569 WARN clearConfigHistory start

2019-12-01 09:25:27,091 INFO Expired JWT token.

2019-12-01 09:25:27,094 ERROR Responding with unauthorized error. Message - Full authentication is required to access this resource

2019-12-01 09:31:38,470 INFO [capacityManagement] start correct usage

2019-12-01 09:31:38,474 INFO [capacityManagement] end correct usage, cost: 0s

2019-12-01 09:31:38,572 WARN clearConfigHistory start

2019-12-01 09:41:38,477 INFO [capacityManagement] start correct usage

2019-12-01 09:41:38,480 INFO [capacityManagement] end correct usage, cost: 0s

2019-12-01 09:41:38,576 WARN clearConfigHistory start

2019-12-01 09:51:38,481 INFO [capacityManagement] start correct usage

2019-12-01 09:51:38,484 INFO [capacityManagement] end correct usage, cost: 0s

2019-12-01 09:51:38,581 WARN clearConfigHistory start

2019-12-01 09:56:10,297 INFO Expired JWT token.

2019-12-01 09:56:10,303 ERROR Responding with unauthorized error. Message - Full authentication is required to access this resource

2019-12-01 10:01:38,487 INFO [capacityManagement] start correct usage

2019-12-01 10:01:38,491 INFO [capacityManagement] end correct usage, cost: 0s

2019-12-01 10:01:38,586 WARN clearConfigHistory start

