2019-12-01 07:17:09,073 INFO PERFORMANCE:|2|2|-1|-1

2019-12-01 07:22:09,081 INFO PERFORMANCE:|2|2|-1|-1

2019-12-01 07:25:23,718 INFO PERFORMANCE:|2|2|-1|-1

2019-12-01 07:30:23,719 INFO PERFORMANCE:|2|1|-1|-1

2019-12-01 07:42:08,515 INFO PERFORMANCE:|0|0|-1|-1

2019-12-01 07:47:08,518 INFO PERFORMANCE:|1|1|-1|-1

2019-12-01 07:52:08,521 INFO PERFORMANCE:|1|1|-1|-1

2019-12-01 07:57:08,524 INFO PERFORMANCE:|1|1|-1|-1

2019-12-01 08:02:08,528 INFO PERFORMANCE:|1|1|-1|-1

2019-12-01 08:07:08,530 INFO PERFORMANCE:|1|1|-1|-1

2019-12-01 08:12:08,533 INFO PERFORMANCE:|1|0|-1|-1

2019-12-01 08:17:08,536 INFO PERFORMANCE:|1|0|-1|-1

2019-12-01 08:22:08,539 INFO PERFORMANCE:|1|0|-1|-1

2019-12-01 08:27:08,542 INFO PERFORMANCE:|1|0|-1|-1

2019-12-01 08:32:08,544 INFO PERFORMANCE:|1|0|-1|-1

2019-12-01 08:37:08,546 INFO PERFORMANCE:|1|0|-1|-1

2019-12-01 08:42:08,548 INFO PERFORMANCE:|1|0|-1|-1

2019-12-01 08:47:08,551 INFO PERFORMANCE:|1|0|-1|-1

2019-12-01 08:52:08,552 INFO PERFORMANCE:|2|1|-1|-1

2019-12-01 08:57:08,555 INFO PERFORMANCE:|2|0|-1|-1

2019-12-01 09:02:08,558 INFO PERFORMANCE:|2|1|-1|-1

2019-12-01 09:07:08,560 INFO PERFORMANCE:|2|1|-1|-1

2019-12-01 09:12:08,562 INFO PERFORMANCE:|3|1|-1|-1

2019-12-01 09:17:08,564 INFO PERFORMANCE:|3|1|-1|-1

2019-12-01 09:22:08,565 INFO PERFORMANCE:|3|1|-1|-1

2019-12-01 09:27:08,568 INFO PERFORMANCE:|2|2|-1|-1

2019-12-01 09:32:08,571 INFO PERFORMANCE:|2|2|-1|-1

2019-12-01 09:37:08,572 INFO PERFORMANCE:|2|2|-1|-1

2019-12-01 09:42:08,575 INFO PERFORMANCE:|2|2|-1|-1

2019-12-01 09:47:08,577 INFO PERFORMANCE:|2|2|-1|-1

2019-12-01 09:52:08,579 INFO PERFORMANCE:|2|2|-1|-1

2019-12-01 09:57:08,583 INFO PERFORMANCE:|2|2|-1|-1

2019-12-01 10:02:08,585 INFO PERFORMANCE:|2|2|-1|-1

